<?xml version="1.0" encoding="UTF-8"?>
<!-- Generated by org.testng.reporters.JUnitReportReporter -->
<testsuite hostname="DESKTOP-76U8ILT" failures="0" tests="1" name="com.actitime.testcases.TC_1" time="17.473" errors="0" timestamp="2023-06-04T08:08:40 IST" skipped="0">
  <testcase classname="com.actitime.testcases.TC_1" name="login1" time="17.473"/>
  <system-out/>
</testsuite> <!-- com.actitime.testcases.TC_1 -->
